<?xml version="1.0" encoding="UTF-8"?>
<testsuite name="censusanalyser.CensusAnalyserTest" tests="1" skipped="0" failures="0" errors="0" timestamp="2021-04-07T13:36:10" hostname="LAPTOP-6I2PIU3U" time="0.012">
  <properties/>
  <testcase name="givenIndiaCensusData_WithWrongFile_ShouldThrowException" classname="censusanalyser.CensusAnalyserTest" time="0.012"/>
  <system-out><![CDATA[File extension is csv
]]></system-out>
  <system-err><![CDATA[]]></system-err>
</testsuite>
